[0.009s] Invoking command in '/home/celian/workspace/src/RBDyn/src/build/RBDyn': /usr/bin/cmake /home/celian/workspace/src/RBDyn/src/RBDyn -DCMAKE_INSTALL_PREFIX=/home/celian/workspace/src/RBDyn/src/install/RBDyn
[0.015s] [33mCMake Warning (dev) in CMakeLists.txt:
[0.015s]   No project() command is present.  The top-level CMakeLists.txt file must
[0.015s]   contain a literal, direct call to the project() command.  Add a line of
[0.015s]   code such as
[0.015s]
[0.015s]     project(ProjectName)
[0.015s]
[0.015s]   near the top of the file, but after cmake_minimum_required().
[0.015s]
[0.015s]   CMake is pretending there is a "project(Project)" command on the first
[0.015s]   line.
[0.015s] This warning is for project developers.  Use -Wno-dev to suppress it.
[0.015s] [0m
[0.015s] [33mCMake Warning (dev) in CMakeLists.txt:
[0.015s]   cmake_minimum_required() should be called prior to this top-level project()
[0.015s]   call.  Please see the cmake-commands(7) manual for usage documentation of
[0.015s]   both commands.
[0.015s] This warning is for project developers.  Use -Wno-dev to suppress it.
[0.015s] [0m
[0.047s] -- The C compiler identification is GNU 11.4.0
[0.095s] -- The CXX compiler identification is GNU 11.4.0
[0.100s] -- Detecting C compiler ABI info
[0.142s] -- Detecting C compiler ABI info - done
[0.153s] -- Check for working C compiler: /usr/bin/cc - skipped
[0.153s] -- Detecting C compile features
[0.153s] -- Detecting C compile features - done
[0.161s] -- Detecting CXX compiler ABI info
[0.214s] -- Detecting CXX compiler ABI info - done
[0.224s] -- Check for working CXX compiler: /usr/bin/c++ - skipped
[0.225s] -- Detecting CXX compile features
[0.225s] -- Detecting CXX compile features - done
[0.231s] [31mCMake Error at CMakeLists.txt:71 (install):
[0.231s]   install FILES given no DESTINATION!
[0.231s]
[0.231s] [0m
[0.232s] [31mCMake Error in CMakeLists.txt:
[0.232s]   No cmake_minimum_required command is present.  A line of code such as
[0.232s]
[0.232s]     cmake_minimum_required(VERSION 4.0)
[0.232s]
[0.232s]   should be added at the top of the file.  The version specified may be lower
[0.232s]   if you wish to support older CMake versions for this project.  For more
[0.232s]   information run "cmake --help-policy CMP0000".
[0.232s]
[0.232s] [0m
[0.232s] -- Configuring incomplete, errors occurred!
[0.235s] Invoked command in '/home/celian/workspace/src/RBDyn/src/build/RBDyn' returned '1': /usr/bin/cmake /home/celian/workspace/src/RBDyn/src/RBDyn -DCMAKE_INSTALL_PREFIX=/home/celian/workspace/src/RBDyn/src/install/RBDyn
